[HRMS] com.opensymphony.xwork2.util.logging.commons.CommonsLogger.warn(CommonsLogger.java:45) 15-04-22 05:47:36 WARN components.ServletUrlRenderer: No configuration found for the specified action: '/import/import' in namespace: '/import'. Form action defaulting to 'action' attribute's literal value.
[HRMS] com.opensymphony.xwork2.util.logging.commons.CommonsLogger.warn(CommonsLogger.java:45) 15-04-22 05:47:36 WARN components.File: Struts has detected a file upload UI tag (s:file) being used without a form set to method 'POST'. This is probably an error!
[HRMS] com.opensymphony.xwork2.util.logging.commons.CommonsLogger.warn(CommonsLogger.java:45) 15-04-22 05:47:36 WARN components.ServletUrlRenderer: No configuration found for the specified action: '/import/import' in namespace: '/import'. Form action defaulting to 'action' attribute's literal value.
[HRMS] com.groupTen.action.ImportDataAction.execute(ImportDataAction.java:86) 15-04-22 05:47:41 INFO action.ImportDataAction: HWRS:/tWed Apr 22 05:47:41 EDT 2015: The user 'Becky' has data existing in the database;
[HRMS] com.opensymphony.xwork2.util.logging.commons.CommonsLogger.info(CommonsLogger.java:31) 15-04-22 05:47:47 INFO interceptor.FileUploadInterceptor: Removing file file C:\apache-tomcat-7.0.59-windows-x86\apache-tomcat-7.0.59\work\Catalina\localhost\hwrs\upload__4371caf1_14ce0826bfd__8000_00000001.tmp
[HRMS] com.opensymphony.xwork2.util.logging.commons.CommonsLogger.warn(CommonsLogger.java:45) 15-04-22 05:48:48 WARN components.ServletUrlRenderer: No configuration found for the specified action: '/import/import' in namespace: '/import'. Form action defaulting to 'action' attribute's literal value.
[HRMS] com.opensymphony.xwork2.util.logging.commons.CommonsLogger.warn(CommonsLogger.java:45) 15-04-22 05:48:48 WARN components.File: Struts has detected a file upload UI tag (s:file) being used without a form set to method 'POST'. This is probably an error!
[HRMS] com.opensymphony.xwork2.util.logging.commons.CommonsLogger.warn(CommonsLogger.java:45) 15-04-22 05:48:49 WARN components.ServletUrlRenderer: No configuration found for the specified action: '/import/import' in namespace: '/import'. Form action defaulting to 'action' attribute's literal value.
[HRMS] com.groupTen.action.ImportDataAction.execute(ImportDataAction.java:86) 15-04-22 05:48:53 INFO action.ImportDataAction: HWRS:/tWed Apr 22 05:48:53 EDT 2015: The user 'Becky' has data existing in the database;
[HRMS] com.opensymphony.xwork2.util.logging.commons.CommonsLogger.info(CommonsLogger.java:31) 15-04-22 05:48:57 INFO interceptor.FileUploadInterceptor: Removing file file C:\apache-tomcat-7.0.59-windows-x86\apache-tomcat-7.0.59\work\Catalina\localhost\hwrs\upload__4371caf1_14ce0826bfd__8000_00000002.tmp
[HRMS] com.opensymphony.xwork2.util.logging.commons.CommonsLogger.info(CommonsLogger.java:31) 15-04-22 06:02:56 INFO config.ConfigurationManager: Detected container provider Struts XML configuration provider (struts.xml) needs to be reloaded.  Reloading all providers.
[HRMS] com.opensymphony.xwork2.util.logging.commons.CommonsLogger.info(CommonsLogger.java:31) 15-04-22 06:02:56 INFO providers.XmlConfigurationProvider: Parsing configuration file [struts-default.xml]
[HRMS] com.opensymphony.xwork2.util.logging.commons.CommonsLogger.info(CommonsLogger.java:31) 15-04-22 06:02:56 INFO providers.XmlConfigurationProvider: Parsing configuration file [struts-plugin.xml]
[HRMS] com.opensymphony.xwork2.util.logging.commons.CommonsLogger.info(CommonsLogger.java:31) 15-04-22 06:02:56 INFO providers.XmlConfigurationProvider: Parsing configuration file [struts.xml]
[HRMS] com.opensymphony.xwork2.util.logging.commons.CommonsLogger.info(CommonsLogger.java:31) 15-04-22 06:02:56 INFO impl.DefaultConfiguration: Overriding property struts.i18n.reload - old value: false new value: true
[HRMS] com.opensymphony.xwork2.util.logging.commons.CommonsLogger.info(CommonsLogger.java:31) 15-04-22 06:02:56 INFO impl.DefaultConfiguration: Overriding property struts.configuration.xml.reload - old value: false new value: true
[HRMS] com.opensymphony.xwork2.util.logging.commons.CommonsLogger.info(CommonsLogger.java:31) 15-04-22 06:02:56 INFO config.BeanSelectionProvider: Loading global messages from messageResource
[HRMS] com.opensymphony.xwork2.util.logging.commons.CommonsLogger.info(CommonsLogger.java:31) 15-04-22 06:02:56 INFO spring.StrutsSpringObjectFactory: Initializing Struts-Spring integration...
[HRMS] com.opensymphony.xwork2.util.logging.commons.CommonsLogger.info(CommonsLogger.java:31) 15-04-22 06:02:56 INFO spring.SpringObjectFactory: Setting autowire strategy to name
[HRMS] com.opensymphony.xwork2.util.logging.commons.CommonsLogger.info(CommonsLogger.java:31) 15-04-22 06:02:56 INFO spring.StrutsSpringObjectFactory: ... initialized Struts-Spring integration successfully
[HRMS] com.opensymphony.xwork2.util.logging.commons.CommonsLogger.warn(CommonsLogger.java:45) 15-04-22 06:02:56 WARN components.ServletUrlRenderer: No configuration found for the specified action: '/import/import' in namespace: '/import'. Form action defaulting to 'action' attribute's literal value.
[HRMS] com.opensymphony.xwork2.util.logging.commons.CommonsLogger.warn(CommonsLogger.java:45) 15-04-22 06:02:56 WARN components.File: Struts has detected a file upload UI tag (s:file) being used without a form set to method 'POST'. This is probably an error!
[HRMS] com.opensymphony.xwork2.util.logging.commons.CommonsLogger.warn(CommonsLogger.java:45) 15-04-22 06:02:56 WARN components.ServletUrlRenderer: No configuration found for the specified action: '/import/import' in namespace: '/import'. Form action defaulting to 'action' attribute's literal value.
[HRMS] com.groupTen.action.ImportDataAction.execute(ImportDataAction.java:86) 15-04-22 06:03:10 INFO action.ImportDataAction: HWRS:/tWed Apr 22 06:03:10 EDT 2015: The user 'Becky' has data existing in the database;
[HRMS] com.opensymphony.xwork2.util.logging.commons.CommonsLogger.info(CommonsLogger.java:31) 15-04-22 06:03:15 INFO interceptor.FileUploadInterceptor: Removing file file C:\apache-tomcat-7.0.59-windows-x86\apache-tomcat-7.0.59\work\Catalina\localhost\hwrs\upload__4371caf1_14ce0826bfd__8000_00000003.tmp
